d:\project visual studia\bsuir\ооп\laba1\laba1\debug\vc142.pdb
d:\project visual studia\bsuir\ооп\laba1\laba1\debug\vc142.idb
d:\project visual studia\bsuir\ооп\laba1\laba1\debug\triangle.obj
d:\project visual studia\bsuir\ооп\laba1\laba1\debug\shape.obj
d:\project visual studia\bsuir\ооп\laba1\laba1\debug\rhomb.obj
d:\project visual studia\bsuir\ооп\laba1\laba1\debug\rectangle.obj
d:\project visual studia\bsuir\ооп\laba1\laba1\debug\parallelogram.obj
d:\project visual studia\bsuir\ооп\laba1\laba1\debug\main.obj
d:\project visual studia\bsuir\ооп\laba1\laba1\debug\msoftcon.obj
d:\project visual studia\bsuir\ооп\laba1\laba1\debug\line.obj
d:\project visual studia\bsuir\ооп\laba1\laba1\debug\ball.obj
d:\project visual studia\bsuir\ооп\laba1\laba1\debug\laba1.ilk
d:\project visual studia\bsuir\ооп\laba1\debug\laba1.exe
d:\project visual studia\bsuir\ооп\laba1\debug\laba1.pdb
d:\project visual studia\bsuir\ооп\laba1\laba1\debug\laba1.tlog\cl.command.1.tlog
d:\project visual studia\bsuir\ооп\laba1\laba1\debug\laba1.tlog\cl.read.1.tlog
d:\project visual studia\bsuir\ооп\laba1\laba1\debug\laba1.tlog\cl.write.1.tlog
d:\project visual studia\bsuir\ооп\laba1\laba1\debug\laba1.tlog\link.command.1.tlog
d:\project visual studia\bsuir\ооп\laba1\laba1\debug\laba1.tlog\link.read.1.tlog
d:\project visual studia\bsuir\ооп\laba1\laba1\debug\laba1.tlog\link.write.1.tlog
